<?xml version="1.0" encoding="UTF-8"?>
<testng-results ignored="0" total="2" passed="2" failed="0" skipped="0">
  <reporter-output>
  </reporter-output>
  <suite started-at="2022-05-30T17:26:18 IST" name="Default suite" finished-at="2022-05-30T17:26:43 IST" duration-ms="24471">
    <groups>
      <group name=" Test1">
        <method signature="GoogleTest.googleTitleTest()[pri:1, instance:TestCases.GoogleTest@fa49800]" name="googleTitleTest" class="TestCases.GoogleTest"/>
      </group> <!--  Test1 -->
      <group name="Test2">
        <method signature="GoogleTest.googleLogoTest()[pri:2, instance:TestCases.GoogleTest@fa49800]" name="googleLogoTest" class="TestCases.GoogleTest"/>
      </group> <!-- Test2 -->
    </groups>
    <test started-at="2022-05-30T17:26:18 IST" name="Default test" finished-at="2022-05-30T17:26:43 IST" duration-ms="24471">
      <class name="TestCases.GoogleTest">
        <test-method is-config="true" signature="setUp()[pri:0, instance:TestCases.GoogleTest@fa49800]" started-at="2022-05-30T17:26:18 IST" name="setUp" finished-at="2022-05-30T17:26:30 IST" duration-ms="11652" status="PASS">
          <reporter-output>
          </reporter-output>
        </test-method> <!-- setUp -->
        <test-method signature="googleTitleTest()[pri:1, instance:TestCases.GoogleTest@fa49800]" started-at="2022-05-30T17:26:30 IST" name="googleTitleTest" finished-at="2022-05-30T17:26:30 IST" duration-ms="24" status="PASS">
          <reporter-output>
          </reporter-output>
        </test-method> <!-- googleTitleTest -->
        <test-method is-config="true" signature="tearDown()[pri:0, instance:TestCases.GoogleTest@fa49800]" started-at="2022-05-30T17:26:30 IST" name="tearDown" finished-at="2022-05-30T17:26:31 IST" duration-ms="1214" status="PASS">
          <reporter-output>
          </reporter-output>
        </test-method> <!-- tearDown -->
        <test-method is-config="true" signature="setUp()[pri:0, instance:TestCases.GoogleTest@fa49800]" started-at="2022-05-30T17:26:31 IST" name="setUp" finished-at="2022-05-30T17:26:42 IST" duration-ms="10467" status="PASS">
          <reporter-output>
          </reporter-output>
        </test-method> <!-- setUp -->
        <test-method signature="googleLogoTest()[pri:2, instance:TestCases.GoogleTest@fa49800]" started-at="2022-05-30T17:26:42 IST" name="googleLogoTest" finished-at="2022-05-30T17:26:42 IST" duration-ms="129" status="PASS">
          <reporter-output>
          </reporter-output>
        </test-method> <!-- googleLogoTest -->
        <test-method is-config="true" signature="tearDown()[pri:0, instance:TestCases.GoogleTest@fa49800]" started-at="2022-05-30T17:26:42 IST" name="tearDown" finished-at="2022-05-30T17:26:43 IST" duration-ms="918" status="PASS">
          <reporter-output>
          </reporter-output>
        </test-method> <!-- tearDown -->
      </class> <!-- TestCases.GoogleTest -->
    </test> <!-- Default test -->
  </suite> <!-- Default suite -->
</testng-results>
